<?xml version="1.0" encoding="UTF-8"?>
<!-- Generated by org.testng.reporters.JUnitXMLReporter -->
<testsuite ignored="9" hostname="DESKTOP-NBEVFU4" failures="0" tests="2" name="ChromeTest" time="13.274" errors="0" timestamp="2023-03-28T19:24:47 GST">
  <testcase classname="BasicCommands.DemoWebShop" name="TC002_verifyDemoshopLoginpage" time="1.77"/>
  <testcase classname="BasicCommands.DemoWebShop" name="Tc004_verifyTitleexcelRead" time="1.056"/>
  <testcase classname="BasicCommands.DemoWebShop" name="TC005_verifyRegistrationfromExcelsheet" time="0.0">
    <ignored/>
  </testcase> <!-- TC005_verifyRegistrationfromExcelsheet -->
  <testcase classname="BasicCommands.DemoWebShop" name="TC006_verifyDemowebshopFromexcelShettUsingList" time="0.0">
    <ignored/>
  </testcase> <!-- TC006_verifyDemowebshopFromexcelShettUsingList -->
  <testcase classname="BasicCommands.DemoWebShop" name="TC007_verifyLoginwithinvalidDatas" time="0.0">
    <ignored/>
  </testcase> <!-- TC007_verifyLoginwithinvalidDatas -->
  <testcase classname="BasicCommands.DemoWebShop" name="TC008_verifyRegistrationUsingrandongenerator" time="0.0">
    <ignored/>
  </testcase> <!-- TC008_verifyRegistrationUsingrandongenerator -->
  <testcase classname="BasicCommands.DemoWebShop" name="TC003_verifyDemoshopRegistrationPage" time="0.0">
    <ignored/>
  </testcase> <!-- TC003_verifyDemoshopRegistrationPage -->
  <testcase classname="BasicCommands.DemoWebShop" name="TC010_verifyLoginwithValidDataUsingParameters" time="0.0">
    <ignored/>
  </testcase> <!-- TC010_verifyLoginwithValidDataUsingParameters -->
  <testcase classname="BasicCommands.DemoWebShop" name="TC009_verifyLoginwithvalidDatas" time="0.0">
    <ignored/>
  </testcase> <!-- TC009_verifyLoginwithvalidDatas -->
  <testcase classname="BasicCommands.DemoWebShop" name="TC001_verifyObsquraTitle" time="0.0">
    <ignored/>
  </testcase> <!-- TC001_verifyObsquraTitle -->
  <testcase classname="BasicCommands.DemoWebShop" name="TC011_verifyRegistrationfromExcelSheetAndmailAsRandomgenerator" time="0.0">
    <ignored/>
  </testcase> <!-- TC011_verifyRegistrationfromExcelSheetAndmailAsRandomgenerator -->
</testsuite> <!-- ChromeTest -->
