<?xml version="1.0" encoding="UTF-8"?>
<testng-results ignored="19" total="24" passed="5" failed="0" skipped="0">
  <reporter-output>
  </reporter-output>
  <suite started-at="2023-03-28T19:24:34 GST" name="Suite" finished-at="2023-03-28T19:25:07 GST" duration-ms="33264">
    <groups>
    </groups>
    <test started-at="2023-03-28T19:24:34 GST" name="ChromeTest" finished-at="2023-03-28T19:24:47 GST" duration-ms="13274">
      <class name="BasicCommands.DemoWebShop">
        <test-method is-config="true" signature="setUp(java.lang.String,java.lang.String)[pri:0, instance:BasicCommands.DemoWebShop@1c7696c6]" started-at="2023-03-28T19:24:34 GST" name="setUp" finished-at="2023-03-28T19:24:40 GST" duration-ms="5576" status="PASS">
          <params>
            <param index="0">
              <value>
                <![CDATA[chrome]]>
              </value>
            </param>
            <param index="1">
              <value>
                <![CDATA[https://demowebshop.tricentis.com]]>
              </value>
            </param>
          </params>
          <reporter-output>
          </reporter-output>
        </test-method> <!-- setUp -->
        <test-method signature="TC002_verifyDemoshopLoginpage()[pri:0, instance:BasicCommands.DemoWebShop@1c7696c6]" started-at="2023-03-28T19:24:40 GST" name="TC002_verifyDemoshopLoginpage" finished-at="2023-03-28T19:24:41 GST" duration-ms="1770" status="PASS">
          <reporter-output>
          </reporter-output>
        </test-method> <!-- TC002_verifyDemoshopLoginpage -->
        <test-method is-config="true" signature="tearDown(org.testng.ITestResult)[pri:0, instance:BasicCommands.DemoWebShop@1c7696c6]" started-at="2023-03-28T19:24:41 GST" name="tearDown" finished-at="2023-03-28T19:24:42 GST" duration-ms="325" status="PASS">
          <params>
            <param index="0">
              <value>
                <![CDATA[[TestResult name=TC002_verifyDemoshopLoginpage status=SUCCESS method=DemoWebShop.TC002_verifyDemoshopLoginpage()[pri:0, instance:BasicCommands.DemoWebShop@1c7696c6] output={null}]]]>
              </value>
            </param>
          </params>
          <reporter-output>
          </reporter-output>
        </test-method> <!-- tearDown -->
        <test-method is-config="true" signature="setUp(java.lang.String,java.lang.String)[pri:0, instance:BasicCommands.DemoWebShop@1c7696c6]" started-at="2023-03-28T19:24:42 GST" name="setUp" finished-at="2023-03-28T19:24:46 GST" duration-ms="4116" status="PASS">
          <params>
            <param index="0">
              <value>
                <![CDATA[chrome]]>
              </value>
            </param>
            <param index="1">
              <value>
                <![CDATA[https://demowebshop.tricentis.com]]>
              </value>
            </param>
          </params>
          <reporter-output>
          </reporter-output>
        </test-method> <!-- setUp -->
        <test-method signature="Tc004_verifyTitleexcelRead()[pri:0, instance:BasicCommands.DemoWebShop@1c7696c6]" started-at="2023-03-28T19:24:46 GST" name="Tc004_verifyTitleexcelRead" finished-at="2023-03-28T19:24:47 GST" duration-ms="1056" status="PASS">
          <reporter-output>
          </reporter-output>
        </test-method> <!-- Tc004_verifyTitleexcelRead -->
        <test-method is-config="true" signature="tearDown(org.testng.ITestResult)[pri:0, instance:BasicCommands.DemoWebShop@1c7696c6]" started-at="2023-03-28T19:24:47 GST" name="tearDown" finished-at="2023-03-28T19:24:47 GST" duration-ms="282" status="PASS">
          <params>
            <param index="0">
              <value>
                <![CDATA[[TestResult name=Tc004_verifyTitleexcelRead status=SUCCESS method=DemoWebShop.Tc004_verifyTitleexcelRead()[pri:0, instance:BasicCommands.DemoWebShop@1c7696c6] output={null}]]]>
              </value>
            </param>
          </params>
          <reporter-output>
          </reporter-output>
        </test-method> <!-- tearDown -->
      </class> <!-- BasicCommands.DemoWebShop -->
    </test> <!-- ChromeTest -->
    <test started-at="2023-03-28T19:24:47 GST" name="EdgeTest" finished-at="2023-03-28T19:25:07 GST" duration-ms="19951">
      <class name="BasicCommands.DemoWebShop">
        <test-method is-config="true" signature="setUp(java.lang.String,java.lang.String)[pri:0, instance:BasicCommands.DemoWebShop@2767e23c]" started-at="2023-03-28T19:24:47 GST" name="setUp" finished-at="2023-03-28T19:24:54 GST" duration-ms="6421" status="PASS">
          <params>
            <param index="0">
              <value>
                <![CDATA[edge]]>
              </value>
            </param>
            <param index="1">
              <value>
                <![CDATA[https://demowebshop.tricentis.com]]>
              </value>
            </param>
          </params>
          <reporter-output>
          </reporter-output>
        </test-method> <!-- setUp -->
        <test-method signature="TC007_verifyLoginwithinvalidDatas(java.lang.String,java.lang.String)[pri:0, instance:BasicCommands.DemoWebShop@2767e23c]" started-at="2023-03-28T19:24:54 GST" name="TC007_verifyLoginwithinvalidDatas" data-provider="InvalidCredentials" finished-at="2023-03-28T19:24:55 GST" duration-ms="1320" status="PASS">
          <params>
            <param index="0">
              <value>
                <![CDATA[test123@test.com]]>
              </value>
            </param>
            <param index="1">
              <value>
                <![CDATA[123456]]>
              </value>
            </param>
          </params>
          <reporter-output>
          </reporter-output>
        </test-method> <!-- TC007_verifyLoginwithinvalidDatas -->
        <test-method is-config="true" signature="tearDown(org.testng.ITestResult)[pri:0, instance:BasicCommands.DemoWebShop@2767e23c]" started-at="2023-03-28T19:24:55 GST" name="tearDown" finished-at="2023-03-28T19:24:55 GST" duration-ms="351" status="PASS">
          <params>
            <param index="0">
              <value>
                <![CDATA[[TestResult name=TC007_verifyLoginwithinvalidDatas status=SUCCESS method=DemoWebShop.TC007_verifyLoginwithinvalidDatas(java.lang.String,java.lang.String)[pri:0, instance:BasicCommands.DemoWebShop@2767e23c] output={null}]]]>
              </value>
            </param>
          </params>
          <reporter-output>
          </reporter-output>
        </test-method> <!-- tearDown -->
        <test-method is-config="true" signature="setUp(java.lang.String,java.lang.String)[pri:0, instance:BasicCommands.DemoWebShop@2767e23c]" started-at="2023-03-28T19:24:55 GST" name="setUp" finished-at="2023-03-28T19:24:59 GST" duration-ms="4005" status="PASS">
          <params>
            <param index="0">
              <value>
                <![CDATA[edge]]>
              </value>
            </param>
            <param index="1">
              <value>
                <![CDATA[https://demowebshop.tricentis.com]]>
              </value>
            </param>
          </params>
          <reporter-output>
          </reporter-output>
        </test-method> <!-- setUp -->
        <test-method signature="TC007_verifyLoginwithinvalidDatas(java.lang.String,java.lang.String)[pri:0, instance:BasicCommands.DemoWebShop@2767e23c]" started-at="2023-03-28T19:24:59 GST" name="TC007_verifyLoginwithinvalidDatas" data-provider="InvalidCredentials" finished-at="2023-03-28T19:25:01 GST" duration-ms="1297" status="PASS">
          <params>
            <param index="0">
              <value>
                <![CDATA[test@yop.com]]>
              </value>
            </param>
            <param index="1">
              <value>
                <![CDATA[12345]]>
              </value>
            </param>
          </params>
          <reporter-output>
          </reporter-output>
        </test-method> <!-- TC007_verifyLoginwithinvalidDatas -->
        <test-method is-config="true" signature="tearDown(org.testng.ITestResult)[pri:0, instance:BasicCommands.DemoWebShop@2767e23c]" started-at="2023-03-28T19:25:01 GST" name="tearDown" finished-at="2023-03-28T19:25:01 GST" duration-ms="412" status="PASS">
          <params>
            <param index="0">
              <value>
                <![CDATA[[TestResult name=TC007_verifyLoginwithinvalidDatas status=SUCCESS method=DemoWebShop.TC007_verifyLoginwithinvalidDatas(java.lang.String,java.lang.String)[pri:0, instance:BasicCommands.DemoWebShop@2767e23c] output={null}]]]>
              </value>
            </param>
          </params>
          <reporter-output>
          </reporter-output>
        </test-method> <!-- tearDown -->
        <test-method is-config="true" signature="setUp(java.lang.String,java.lang.String)[pri:0, instance:BasicCommands.DemoWebShop@2767e23c]" started-at="2023-03-28T19:25:01 GST" name="setUp" finished-at="2023-03-28T19:25:06 GST" duration-ms="4445" status="PASS">
          <params>
            <param index="0">
              <value>
                <![CDATA[edge]]>
              </value>
            </param>
            <param index="1">
              <value>
                <![CDATA[https://demowebshop.tricentis.com]]>
              </value>
            </param>
          </params>
          <reporter-output>
          </reporter-output>
        </test-method> <!-- setUp -->
        <test-method signature="TC007_verifyLoginwithinvalidDatas(java.lang.String,java.lang.String)[pri:0, instance:BasicCommands.DemoWebShop@2767e23c]" started-at="2023-03-28T19:25:06 GST" name="TC007_verifyLoginwithinvalidDatas" data-provider="InvalidCredentials" finished-at="2023-03-28T19:25:07 GST" duration-ms="1314" status="PASS">
          <params>
            <param index="0">
              <value>
                <![CDATA[test123@yop.com]]>
              </value>
            </param>
            <param index="1">
              <value>
                <![CDATA[123456]]>
              </value>
            </param>
          </params>
          <reporter-output>
          </reporter-output>
        </test-method> <!-- TC007_verifyLoginwithinvalidDatas -->
        <test-method is-config="true" signature="tearDown(org.testng.ITestResult)[pri:0, instance:BasicCommands.DemoWebShop@2767e23c]" started-at="2023-03-28T19:25:07 GST" name="tearDown" finished-at="2023-03-28T19:25:07 GST" duration-ms="372" status="PASS">
          <params>
            <param index="0">
              <value>
                <![CDATA[[TestResult name=TC007_verifyLoginwithinvalidDatas status=SUCCESS method=DemoWebShop.TC007_verifyLoginwithinvalidDatas(java.lang.String,java.lang.String)[pri:0, instance:BasicCommands.DemoWebShop@2767e23c] output={null}]]]>
              </value>
            </param>
          </params>
          <reporter-output>
          </reporter-output>
        </test-method> <!-- tearDown -->
      </class> <!-- BasicCommands.DemoWebShop -->
    </test> <!-- EdgeTest -->
  </suite> <!-- Suite -->
</testng-results>
