<?xml version="1.0" encoding="UTF-8"?>
<testng-results ignored="24" total="25" passed="1" failed="0" skipped="0">
  <reporter-output>
  </reporter-output>
  <suite started-at="2023-03-09T19:16:21 GST" name="Default suite" finished-at="2023-03-09T19:16:34 GST" duration-ms="12752">
    <groups>
    </groups>
    <test started-at="2023-03-09T19:16:21 GST" name="Default test" finished-at="2023-03-09T19:16:34 GST" duration-ms="12752">
      <class name="BasicCommands.SeleniumCommands">
        <test-method is-config="true" signature="setUp()[pri:0, instance:BasicCommands.SeleniumCommands@2dc54ad4]" started-at="2023-03-09T19:16:21 GST" name="setUp" finished-at="2023-03-09T19:16:27 GST" duration-ms="5325" status="PASS">
          <reporter-output>
          </reporter-output>
        </test-method> <!-- setUp -->
        <test-method signature="TC023_verifyTextinAframe()[pri:0, instance:BasicCommands.SeleniumCommands@2dc54ad4]" started-at="2023-03-09T19:16:27 GST" name="TC023_verifyTextinAframe" finished-at="2023-03-09T19:16:33 GST" duration-ms="6735" status="PASS">
          <reporter-output>
          </reporter-output>
        </test-method> <!-- TC023_verifyTextinAframe -->
        <test-method is-config="true" signature="tearDown()[pri:0, instance:BasicCommands.SeleniumCommands@2dc54ad4]" started-at="2023-03-09T19:16:33 GST" name="tearDown" finished-at="2023-03-09T19:16:34 GST" duration-ms="552" status="PASS">
          <reporter-output>
          </reporter-output>
        </test-method> <!-- tearDown -->
      </class> <!-- BasicCommands.SeleniumCommands -->
    </test> <!-- Default test -->
  </suite> <!-- Default suite -->
</testng-results>
