<?xml version="1.0" encoding="UTF-8"?>
<!-- Generated by org.testng.reporters.JUnitXMLReporter -->
<testsuite ignored="18" hostname="DESKTOP-NBEVFU4" failures="0" tests="1" name="Default test" time="4.665" errors="0" timestamp="2023-03-06T19:05:02 GST">
  <testcase classname="BasicCommands.SeleniumCommands" name="TC018_verifyIsenabled" time="2.263"/>
  <testcase classname="BasicCommands.SeleniumCommands" name="TC016_verifyIsdisplayed" time="0.0">
    <ignored/>
  </testcase> <!-- TC016_verifyIsdisplayed -->
  <testcase classname="BasicCommands.SeleniumCommands" name="TC_007_verifyEmptystateandZipcode" time="0.0">
    <ignored/>
  </testcase> <!-- TC_007_verifyEmptystateandZipcode -->
  <testcase classname="BasicCommands.SeleniumCommands" name="TC_003_verifyTwoInputFieldMessage" time="0.0">
    <ignored/>
  </testcase> <!-- TC_003_verifyTwoInputFieldMessage -->
  <testcase classname="BasicCommands.SeleniumCommands" name="TC_005_verifyDemoShopLoginPage" time="0.0">
    <ignored/>
  </testcase> <!-- TC_005_verifyDemoShopLoginPage -->
  <testcase classname="BasicCommands.SeleniumCommands" name="TC008_verifyObsqueraTestingForm" time="0.0">
    <ignored/>
  </testcase> <!-- TC008_verifyObsqueraTestingForm -->
  <testcase classname="BasicCommands.SeleniumCommands" name="TC013_verifyRefresh" time="0.0">
    <ignored/>
  </testcase> <!-- TC013_verifyRefresh -->
  <testcase classname="BasicCommands.SeleniumCommands" name="TC015_verifyWebelementCommands" time="0.0">
    <ignored/>
  </testcase> <!-- TC015_verifyWebelementCommands -->
  <testcase classname="BasicCommands.SeleniumCommands" name="TC010_verifyQuitandclose" time="0.0">
    <ignored/>
  </testcase> <!-- TC010_verifyQuitandclose -->
  <testcase classname="BasicCommands.SeleniumCommands" name="TC009_verifyNewlwtterSubscriptionUsingCSSSelector" time="0.0">
    <ignored/>
  </testcase> <!-- TC009_verifyNewlwtterSubscriptionUsingCSSSelector -->
  <testcase classname="BasicCommands.SeleniumCommands" name="TC_002_verifySingleInputFieldMessage" time="0.0">
    <ignored/>
  </testcase> <!-- TC_002_verifySingleInputFieldMessage -->
  <testcase classname="BasicCommands.SeleniumCommands" name="TC006_verifyEmptyfieldValidation" time="0.0">
    <ignored/>
  </testcase> <!-- TC006_verifyEmptyfieldValidation -->
  <testcase classname="BasicCommands.SeleniumCommands" name="TC_004_verifyLocators" time="0.0">
    <ignored/>
  </testcase> <!-- TC_004_verifyLocators -->
  <testcase classname="BasicCommands.SeleniumCommands" name="TC_001_verifyObsquraTitle" time="0.0">
    <ignored/>
  </testcase> <!-- TC_001_verifyObsquraTitle -->
  <testcase classname="BasicCommands.SeleniumCommands" name="TC_006_verifyNewToursRegistration" time="0.0">
    <ignored/>
  </testcase> <!-- TC_006_verifyNewToursRegistration -->
  <testcase classname="BasicCommands.SeleniumCommands" name="TC017_verifyIsselected" time="0.0">
    <ignored/>
  </testcase> <!-- TC017_verifyIsselected -->
  <testcase classname="BasicCommands.SeleniumCommands" name="TC012_verifyNavigateto" time="0.0">
    <ignored/>
  </testcase> <!-- TC012_verifyNavigateto -->
  <testcase classname="BasicCommands.SeleniumCommands" name="TC014_verifyForwardandBackwardNavigation" time="0.0">
    <ignored/>
  </testcase> <!-- TC014_verifyForwardandBackwardNavigation -->
  <testcase classname="BasicCommands.SeleniumCommands" name="TC011_VerifyInstantdemoRequestform" time="0.0">
    <ignored/>
  </testcase> <!-- TC011_VerifyInstantdemoRequestform -->
</testsuite> <!-- Default test -->
